17:32:25.341 INFO Test execution started: map_pin_test
17:32:25.343 INFO Browser: chrome
17:32:25.344 INFO Using data: 
    url: https://www.tentrr.com/s/sites/
    expected_text: Pioneer

17:32:35.028 INFO Navigate to: 'https://www.tentrr.com/s/sites/'
17:32:35.055 INFO Click #search-page > div > aside > div > div.leaflet-pane.leaflet-map-pane > div.leaflet-pane.leaflet-marker-pane > div.leaflet-marker-icon.site-pin.pin-pioneer-farm.leaflet-zoom-animated.leaflet-interactive
17:32:35.468 INFO Waiting for 3 seconds
17:32:38.490 INFO Assert that False is true
17:32:38.492 INFO Take screenshot error
17:32:40.403 INFO error__ef2a68fc
17:32:40.408 ERROR An error ocurred:
Traceback (most recent call last):
  File "/Library/Frameworks/Python.framework/Versions/3.6/lib/python3.6/site-packages/golem_framework-0.5.0-py3.6.egg/golem/test_runner/test_runner.py", line 122, in run_test
    test_module.test(execution.data)
  File "/Users/yidong/golem/tentrr/projects/Tentrr/tests/map_pin_test.py", line 13, in test
    assert_true(data.expected_text in get_current_url())
  File "/Library/Frameworks/Python.framework/Versions/3.6/lib/python3.6/site-packages/golem_framework-0.5.0-py3.6.egg/golem/actions.py", line 138, in assert_true
    raise Exception('Expected {} to be true'.format(condition))
Exception: Expected False to be true
