17:49:36.238 INFO Test execution started: map_pin_test
17:49:36.239 INFO Browser: chrome
17:49:36.239 INFO Using data: 
    url: https://www.tentrr.com/s/sites/
    expected_text: 44.14279782818058

17:49:44.041 INFO Navigate to: 'https://www.tentrr.com/s/sites/'
17:49:44.072 INFO Click #search-page > div > aside > div > div.leaflet-pane.leaflet-map-pane > div.leaflet-pane.leaflet-marker-pane > div.leaflet-marker-icon.site-pin.pin-pioneer-farm.leaflet-zoom-animated.leaflet-interactive
17:49:44.557 INFO Waiting for 3 seconds
17:49:47.584 INFO Assert that False is true
17:49:47.602 INFO Take screenshot error
17:49:49.187 INFO error__86ca058f
17:49:49.188 ERROR An error ocurred:
Traceback (most recent call last):
  File "/Library/Frameworks/Python.framework/Versions/3.6/lib/python3.6/site-packages/golem_framework-0.5.0-py3.6.egg/golem/test_runner/test_runner.py", line 122, in run_test
    test_module.test(execution.data)
  File "/Users/yidong/golem/tentrr/projects/Tentrr/tests/map_pin_test.py", line 13, in test
    assert_true(data.expected_text in get_current_url())
  File "/Library/Frameworks/Python.framework/Versions/3.6/lib/python3.6/site-packages/golem_framework-0.5.0-py3.6.egg/golem/actions.py", line 138, in assert_true
    raise Exception('Expected {} to be true'.format(condition))
Exception: Expected False to be true
