2018-08-11 17:38:03,800 root INFO Test execution started: map_pin_test
2018-08-11 17:38:03,800 root INFO Browser: chrome
2018-08-11 17:38:03,801 root INFO Using data: 
    url: https://www.tentrr.com/s/sites/
    expected_text: Pioneer

2018-08-11 17:38:04,872 selenium.webdriver.remote.remote_connection DEBUG POST http://127.0.0.1:49790/session {"capabilities": {"firstMatch": [{}], "alwaysMatch": {"browserName": "chrome", "platformName": "any", "goog:chromeOptions": {"extensions": [], "args": ["--start-maximized"]}}}, "desiredCapabilities": {"browserName": "chrome", "version": "", "platform": "ANY", "goog:chromeOptions": {"extensions": [], "args": ["--start-maximized"]}}}
2018-08-11 17:38:04,873 urllib3.connectionpool DEBUG Starting new HTTP connection (1): 127.0.0.1:49790
2018-08-11 17:38:06,739 urllib3.connectionpool DEBUG http://127.0.0.1:49790 "POST /session HTTP/1.1" 200 904
2018-08-11 17:38:06,740 selenium.webdriver.remote.remote_connection DEBUG Finished Request
2018-08-11 17:38:06,741 selenium.webdriver.remote.remote_connection DEBUG POST http://127.0.0.1:49790/session/d6a0ad14fa6f0e8f5b503fd6d4936306/window/current/maximize {"windowHandle": "current", "sessionId": "d6a0ad14fa6f0e8f5b503fd6d4936306"}
2018-08-11 17:38:07,950 urllib3.connectionpool DEBUG http://127.0.0.1:49790 "POST /session/d6a0ad14fa6f0e8f5b503fd6d4936306/window/current/maximize HTTP/1.1" 200 72
2018-08-11 17:38:07,951 selenium.webdriver.remote.remote_connection DEBUG Finished Request
2018-08-11 17:38:07,951 selenium.webdriver.remote.remote_connection DEBUG POST http://127.0.0.1:49790/session/d6a0ad14fa6f0e8f5b503fd6d4936306/url {"url": "https://www.tentrr.com/s/sites/", "sessionId": "d6a0ad14fa6f0e8f5b503fd6d4936306"}
2018-08-11 17:38:11,296 urllib3.connectionpool DEBUG http://127.0.0.1:49790 "POST /session/d6a0ad14fa6f0e8f5b503fd6d4936306/url HTTP/1.1" 200 72
2018-08-11 17:38:11,296 selenium.webdriver.remote.remote_connection DEBUG Finished Request
2018-08-11 17:38:11,296 root INFO Navigate to: 'https://www.tentrr.com/s/sites/'
2018-08-11 17:38:11,307 selenium.webdriver.remote.remote_connection DEBUG POST http://127.0.0.1:49790/session/d6a0ad14fa6f0e8f5b503fd6d4936306/element {"using": "css selector", "value": "#search-page > div > aside > div > div.leaflet-pane.leaflet-map-pane > div.leaflet-pane.leaflet-marker-pane > div.leaflet-marker-icon.site-pin.pin-pioneer-farm.leaflet-zoom-animated.leaflet-interactive", "sessionId": "d6a0ad14fa6f0e8f5b503fd6d4936306"}
2018-08-11 17:38:11,327 urllib3.connectionpool DEBUG http://127.0.0.1:49790 "POST /session/d6a0ad14fa6f0e8f5b503fd6d4936306/element HTTP/1.1" 200 104
2018-08-11 17:38:11,328 selenium.webdriver.remote.remote_connection DEBUG Finished Request
2018-08-11 17:38:11,328 root DEBUG Element found
2018-08-11 17:38:11,328 root INFO Click #search-page > div > aside > div > div.leaflet-pane.leaflet-map-pane > div.leaflet-pane.leaflet-marker-pane > div.leaflet-marker-icon.site-pin.pin-pioneer-farm.leaflet-zoom-animated.leaflet-interactive
2018-08-11 17:38:11,328 selenium.webdriver.remote.remote_connection DEBUG POST http://127.0.0.1:49790/session/d6a0ad14fa6f0e8f5b503fd6d4936306/element/0.004944529380236151-1/click {"id": "0.004944529380236151-1", "sessionId": "d6a0ad14fa6f0e8f5b503fd6d4936306"}
2018-08-11 17:38:11,640 urllib3.connectionpool DEBUG http://127.0.0.1:49790 "POST /session/d6a0ad14fa6f0e8f5b503fd6d4936306/element/0.004944529380236151-1/click HTTP/1.1" 200 72
2018-08-11 17:38:11,640 selenium.webdriver.remote.remote_connection DEBUG Finished Request
2018-08-11 17:38:11,640 root INFO Waiting for 3 seconds
2018-08-11 17:38:14,642 selenium.webdriver.remote.remote_connection DEBUG GET http://127.0.0.1:49790/session/d6a0ad14fa6f0e8f5b503fd6d4936306/url {"sessionId": "d6a0ad14fa6f0e8f5b503fd6d4936306"}
2018-08-11 17:38:14,648 urllib3.connectionpool DEBUG http://127.0.0.1:49790 "GET /session/d6a0ad14fa6f0e8f5b503fd6d4936306/url HTTP/1.1" 200 212
2018-08-11 17:38:14,648 selenium.webdriver.remote.remote_connection DEBUG Finished Request
2018-08-11 17:38:14,648 root INFO Waiting for 2 seconds
2018-08-11 17:38:16,652 selenium.webdriver.remote.remote_connection DEBUG POST http://127.0.0.1:49790/session/d6a0ad14fa6f0e8f5b503fd6d4936306/refresh {"sessionId": "d6a0ad14fa6f0e8f5b503fd6d4936306"}
2018-08-11 17:38:17,076 urllib3.connectionpool DEBUG http://127.0.0.1:49790 "POST /session/d6a0ad14fa6f0e8f5b503fd6d4936306/refresh HTTP/1.1" 200 72
2018-08-11 17:38:17,087 selenium.webdriver.remote.remote_connection DEBUG Finished Request
2018-08-11 17:38:17,087 root INFO Refresh page
2018-08-11 17:38:17,088 root INFO Verify that the element exists
2018-08-11 17:38:17,088 selenium.webdriver.remote.remote_connection DEBUG POST http://127.0.0.1:49790/session/d6a0ad14fa6f0e8f5b503fd6d4936306/element {"using": "xpath", "value": "//*[contains(text(), \"Pioneer Farm\")]", "sessionId": "d6a0ad14fa6f0e8f5b503fd6d4936306"}
2018-08-11 17:38:17,111 urllib3.connectionpool DEBUG http://127.0.0.1:49790 "POST /session/d6a0ad14fa6f0e8f5b503fd6d4936306/element HTTP/1.1" 200 363
2018-08-11 17:38:17,112 selenium.webdriver.remote.remote_connection DEBUG Finished Request
2018-08-11 17:38:17,617 root DEBUG Element not found yet, remaining time: 0.47
2018-08-11 17:38:17,617 selenium.webdriver.remote.remote_connection DEBUG POST http://127.0.0.1:49790/session/d6a0ad14fa6f0e8f5b503fd6d4936306/element {"using": "xpath", "value": "//*[contains(text(), \"Pioneer Farm\")]", "sessionId": "d6a0ad14fa6f0e8f5b503fd6d4936306"}
2018-08-11 17:38:17,779 urllib3.connectionpool DEBUG http://127.0.0.1:49790 "POST /session/d6a0ad14fa6f0e8f5b503fd6d4936306/element HTTP/1.1" 200 363
2018-08-11 17:38:17,780 selenium.webdriver.remote.remote_connection DEBUG Finished Request
2018-08-11 17:38:18,283 root DEBUG Element not found yet, remaining time: -0.19
2018-08-11 17:38:18,283 selenium.webdriver.remote.remote_connection DEBUG POST http://127.0.0.1:49790/session/d6a0ad14fa6f0e8f5b503fd6d4936306/element {"using": "xpath", "value": "//*[contains(text(), \"Pioneer Farm\")]", "sessionId": "d6a0ad14fa6f0e8f5b503fd6d4936306"}
2018-08-11 17:38:18,292 urllib3.connectionpool DEBUG http://127.0.0.1:49790 "POST /session/d6a0ad14fa6f0e8f5b503fd6d4936306/element HTTP/1.1" 200 363
2018-08-11 17:38:18,293 selenium.webdriver.remote.remote_connection DEBUG Finished Request
2018-08-11 17:38:18,304 root INFO Take screenshot error
2018-08-11 17:38:18,305 selenium.webdriver.remote.remote_connection DEBUG GET http://127.0.0.1:49790/session/d6a0ad14fa6f0e8f5b503fd6d4936306/screenshot {"sessionId": "d6a0ad14fa6f0e8f5b503fd6d4936306"}
2018-08-11 17:38:19,367 urllib3.connectionpool DEBUG http://127.0.0.1:49790 "GET /session/d6a0ad14fa6f0e8f5b503fd6d4936306/screenshot HTTP/1.1" 200 701342
2018-08-11 17:38:19,370 selenium.webdriver.remote.remote_connection DEBUG Finished Request
2018-08-11 17:38:19,378 root INFO error__2464a59a
2018-08-11 17:38:19,379 root ERROR An error ocurred:
Traceback (most recent call last):
  File "/Library/Frameworks/Python.framework/Versions/3.6/lib/python3.6/site-packages/golem_framework-0.5.0-py3.6.egg/golem/actions.py", line 593, in verify_exists
    webelement = browser.get_browser().find(element, timeout=1)
  File "/Library/Frameworks/Python.framework/Versions/3.6/lib/python3.6/site-packages/golem_framework-0.5.0-py3.6.egg/golem/webdriver/extended_driver.py", line 9, in find
    return common._find(self, **kwargs)
  File "/Library/Frameworks/Python.framework/Versions/3.6/lib/python3.6/site-packages/golem_framework-0.5.0-py3.6.egg/golem/webdriver/common.py", line 122, in _find
    element_name, timeout, wait_displayed)
  File "/Library/Frameworks/Python.framework/Versions/3.6/lib/python3.6/site-packages/golem_framework-0.5.0-py3.6.egg/golem/webdriver/common.py", line 47, in _find_webelement
    .format(element_name, selector_type, selector_value))
golem.core.exceptions.ElementNotFound: Element //*[contains(text(), "Pioneer Farm")] not found using selector xpath:'//*[contains(text(), "Pioneer Farm")]'

During handling of the above exception, another exception occurred:

Traceback (most recent call last):
  File "/Library/Frameworks/Python.framework/Versions/3.6/lib/python3.6/site-packages/golem_framework-0.5.0-py3.6.egg/golem/test_runner/test_runner.py", line 122, in run_test
    test_module.test(execution.data)
  File "/Users/yidong/golem/tentrr/projects/Tentrr/tests/map_pin_test.py", line 15, in test
    verify_exists(('xpath', '//*[contains(text(), "Pioneer Farm")]'))
  File "/Library/Frameworks/Python.framework/Versions/3.6/lib/python3.6/site-packages/golem_framework-0.5.0-py3.6.egg/golem/actions.py", line 595, in verify_exists
    raise ElementNotFound('Element {} does not exist'.format(element))
golem.core.exceptions.ElementNotFound: Element ('xpath', '//*[contains(text(), "Pioneer Farm")]') does not exist
2018-08-11 17:38:19,380 selenium.webdriver.remote.remote_connection DEBUG DELETE http://127.0.0.1:49790/session/d6a0ad14fa6f0e8f5b503fd6d4936306 {"sessionId": "d6a0ad14fa6f0e8f5b503fd6d4936306"}
2018-08-11 17:38:19,486 urllib3.connectionpool DEBUG http://127.0.0.1:49790 "DELETE /session/d6a0ad14fa6f0e8f5b503fd6d4936306 HTTP/1.1" 200 72
2018-08-11 17:38:19,487 selenium.webdriver.remote.remote_connection DEBUG Finished Request
